<?xml version="1.0" encoding="UTF-8"?>
<!-- Generated by org.testng.reporters.JUnitXMLReporter -->
<testsuite ignored="0" hostname="LAPTOP-E06RK7S2" failures="0" tests="4" name="Login Test Cases" time="15.482" errors="0" timestamp="2021-10-04T23:11:33 EDT">
  <testcase classname="loginTestCases.BothCorrect" name="loginWithCorrectUnamePwd" time="4.671"/>
  <testcase classname="loginTestCases.BothIncorrect" name="loginWithInCorrectUnamePwd" time="3.648"/>
  <testcase classname="loginTestCases.CorrectPassword" name="loginWithCorrectPwd" time="3.227"/>
  <testcase classname="loginTestCases.CorrectUname" name="loginWithCorrectUname" time="3.872"/>
</testsuite> <!-- Login Test Cases -->
